<?xml version="1.0" encoding="UTF-8"?>
<!-- Generated by org.testng.reporters.JUnitReportReporter -->
<testsuite hostname="pawan" failures="0" tests="1" name="flipkart_test.Flipkart_Test" time="105.245" errors="0" timestamp="2021-06-09T17:07:32 IST" skipped="0">
  <testcase classname="flipkart_test.Flipkart_Test" name="f" time="105.245"/>
  <system-out/>
</testsuite> <!-- flipkart_test.Flipkart_Test -->
